<?xml version="1.0" encoding="UTF-8"?>
<robot generator="Robot 6.0.2 (Python 3.11.2 on win32)" generated="20230509 20:53:39.783" rpa="false" schemaversion="3">
<suite id="s1" name="Panelscout Robotframework" source="C:\Users\artur\Documents\GitHub\panelscout_robotframework">
<suite id="s1-s1" name="Test Login Rf" source="C:\Users\artur\Documents\GitHub\panelscout_robotframework\test_login_rf.robot">
<test id="s1-s1-t1" name="Adding a player" line="42">
<kw name="Open login page">
<kw name="Open Browser" library="SeleniumLibrary">
<arg>${LOGIN URL}</arg>
<arg>${BROWSER}</arg>
<doc>Opens a new browser instance to the optional ``url``.</doc>
<msg timestamp="20230509 20:53:39.942" level="INFO">Opening browser 'Chrome' to base url 'https://scouts.futbolkolektyw.pl/en/'.</msg>
<status status="PASS" starttime="20230509 20:53:39.942" endtime="20230509 20:53:41.332"/>
</kw>
<status status="PASS" starttime="20230509 20:53:39.941" endtime="20230509 20:53:41.332"/>
</kw>
<kw name="Type in email">
<kw name="Input Text" library="SeleniumLibrary">
<arg>${EMAILINPUT}</arg>
<arg>user07@getnada.com</arg>
<doc>Types the given ``text`` into the text field identified by ``locator``.</doc>
<msg timestamp="20230509 20:53:41.333" level="INFO">Typing text 'user07@getnada.com' into text field 'xpath=//*[@id='login']'.</msg>
<status status="PASS" starttime="20230509 20:53:41.333" endtime="20230509 20:53:41.407"/>
</kw>
<status status="PASS" starttime="20230509 20:53:41.332" endtime="20230509 20:53:41.407"/>
</kw>
<kw name="Type in password">
<kw name="Input Text" library="SeleniumLibrary">
<arg>${PASSWORDINPUT}</arg>
<arg>Test-1234</arg>
<doc>Types the given ``text`` into the text field identified by ``locator``.</doc>
<msg timestamp="20230509 20:53:41.408" level="INFO">Typing text 'Test-1234' into text field 'xpath=//*[@id='password']'.</msg>
<status status="PASS" starttime="20230509 20:53:41.408" endtime="20230509 20:53:41.462"/>
</kw>
<status status="PASS" starttime="20230509 20:53:41.408" endtime="20230509 20:53:41.462"/>
</kw>
<kw name="Click on the Submit button">
<kw name="Click Element" library="SeleniumLibrary">
<arg>${SIGNINBUTTON}</arg>
<doc>Click the element identified by ``locator``.</doc>
<msg timestamp="20230509 20:53:41.462" level="INFO">Clicking element 'xpath=//*[@id='__next']/form/div/div[2]/button'.</msg>
<status status="PASS" starttime="20230509 20:53:41.462" endtime="20230509 20:53:41.485"/>
</kw>
<status status="PASS" starttime="20230509 20:53:41.462" endtime="20230509 20:53:41.485"/>
</kw>
<kw name="Assert dashboard">
<kw name="Wait Until Element Is Visible" library="SeleniumLibrary">
<arg>${PAGELOGO}</arg>
<doc>Waits until the element ``locator`` is visible.</doc>
<status status="PASS" starttime="20230509 20:53:41.486" endtime="20230509 20:53:43.539"/>
</kw>
<kw name="Title Should Be" library="SeleniumLibrary">
<arg>Scouts panel</arg>
<doc>Verifies that the current page title equals ``title``.</doc>
<msg timestamp="20230509 20:53:43.627" level="INFO" html="true">&lt;/td&gt;&lt;/tr&gt;&lt;tr&gt;&lt;td colspan="3"&gt;&lt;a href="selenium-screenshot-13.png"&gt;&lt;img src="selenium-screenshot-13.png" width="800px"&gt;&lt;/a&gt;</msg>
<msg timestamp="20230509 20:53:43.627" level="FAIL">Title should have been 'Scouts panel' but was 'PANEL SKAUTINGOWY'.</msg>
<status status="FAIL" starttime="20230509 20:53:43.539" endtime="20230509 20:53:43.628"/>
</kw>
<kw name="Capture Page Screenshot" library="SeleniumLibrary">
<arg>alert.png</arg>
<doc>Takes a screenshot of the current page and embeds it into a log file.</doc>
<status status="NOT RUN" starttime="20230509 20:53:43.628" endtime="20230509 20:53:43.628"/>
</kw>
<status status="FAIL" starttime="20230509 20:53:41.486" endtime="20230509 20:53:43.628"/>
</kw>
<kw name="Click on the Add a player button">
<status status="NOT RUN" starttime="20230509 20:53:43.628" endtime="20230509 20:53:43.628"/>
</kw>
<kw name="Assert player dashboard">
<status status="NOT RUN" starttime="20230509 20:53:43.628" endtime="20230509 20:53:43.628"/>
</kw>
<kw name="Type in name">
<status status="NOT RUN" starttime="20230509 20:53:43.629" endtime="20230509 20:53:43.629"/>
</kw>
<kw name="Type in surname">
<status status="NOT RUN" starttime="20230509 20:53:43.629" endtime="20230509 20:53:43.629"/>
</kw>
<kw name="Type in position">
<status status="NOT RUN" starttime="20230509 20:53:43.629" endtime="20230509 20:53:43.629"/>
</kw>
<kw name="Type in age">
<status status="NOT RUN" starttime="20230509 20:53:43.629" endtime="20230509 20:53:43.629"/>
</kw>
<kw name="Click Submit">
<status status="NOT RUN" starttime="20230509 20:53:43.629" endtime="20230509 20:53:43.629"/>
</kw>
<kw name="Assert player added">
<status status="NOT RUN" starttime="20230509 20:53:43.629" endtime="20230509 20:53:43.629"/>
</kw>
<kw name="Close Browser" library="SeleniumLibrary" type="TEARDOWN">
<doc>Closes the current browser.</doc>
<status status="PASS" starttime="20230509 20:53:43.630" endtime="20230509 20:53:45.685"/>
</kw>
<tag>DEBUG</tag>
<status status="FAIL" starttime="20230509 20:53:39.941" endtime="20230509 20:53:45.685">Title should have been 'Scouts panel' but was 'PANEL SKAUTINGOWY'.</status>
</test>
<doc>Suite description #automated tests for scout website</doc>
<status status="FAIL" starttime="20230509 20:53:39.797" endtime="20230509 20:53:45.686"/>
</suite>
<status status="FAIL" starttime="20230509 20:53:39.784" endtime="20230509 20:53:45.687"/>
</suite>
<statistics>
<total>
<stat pass="0" fail="1" skip="0">All Tests</stat>
</total>
<tag>
<stat pass="0" fail="1" skip="0">DEBUG</stat>
</tag>
<suite>
<stat pass="0" fail="1" skip="0" id="s1" name="Panelscout Robotframework">Panelscout Robotframework</stat>
<stat pass="0" fail="1" skip="0" id="s1-s1" name="Test Login Rf">Panelscout Robotframework.Test Login Rf</stat>
</suite>
</statistics>
<errors>
</errors>
</robot>
